<?xml version="1.0" encoding="UTF-8"?>
<testng-results skipped="0" failed="0" ignored="0" total="1" passed="1">
  <reporter-output>
  </reporter-output>
  <suite name="Default suite" duration-ms="54641" started-at="2019-03-10T16:43:10Z" finished-at="2019-03-10T16:44:04Z">
    <groups>
    </groups>
    <test name="Default test" duration-ms="54641" started-at="2019-03-10T16:43:10Z" finished-at="2019-03-10T16:44:04Z">
      <class name="pfPack.PFProj.tests.LoginTest">
        <test-method status="PASS" signature="testLogin()[pri:0, instance:pfPack.PFProj.tests.LoginTest@cb51256]" name="testLogin" duration-ms="51888" started-at="2019-03-10T16:43:10Z" finished-at="2019-03-10T16:44:02Z">
          <reporter-output>
          </reporter-output>
        </test-method> <!-- testLogin -->
        <test-method status="PASS" signature="testClosure()[pri:0, instance:pfPack.PFProj.tests.LoginTest@cb51256]" name="testClosure" is-config="true" duration-ms="2691" started-at="2019-03-10T16:44:02Z" finished-at="2019-03-10T16:44:04Z">
          <reporter-output>
          </reporter-output>
        </test-method> <!-- testClosure -->
      </class> <!-- pfPack.PFProj.tests.LoginTest -->
    </test> <!-- Default test -->
  </suite> <!-- Default suite -->
</testng-results>
